c:\users\administrator\desktop\test\rtmp\debug\rtmp.pch
c:\users\administrator\desktop\test\rtmp\debug\vc141.pdb
c:\users\administrator\desktop\test\rtmp\debug\vc141.idb
c:\users\administrator\desktop\test\rtmp\debug\stdafx.obj
c:\users\administrator\desktop\test\rtmp\debug\waitableevent.obj
c:\users\administrator\desktop\test\rtmp\debug\timetick.obj
c:\users\administrator\desktop\test\rtmp\debug\thread.obj
c:\users\administrator\desktop\test\rtmp\debug\tcpserver.obj
c:\users\administrator\desktop\test\rtmp\debug\tcpconnection.obj
c:\users\administrator\desktop\test\rtmp\debug\socketpipe.obj
c:\users\administrator\desktop\test\rtmp\debug\socket.obj
c:\users\administrator\desktop\test\rtmp\debug\selectpoller.obj
c:\users\administrator\desktop\test\rtmp\debug\ringbuffer.obj
c:\users\administrator\desktop\test\rtmp\debug\ratelimiter.obj
c:\users\administrator\desktop\test\rtmp\debug\mutex.obj
c:\users\administrator\desktop\test\rtmp\debug\messageloop.obj
c:\users\administrator\desktop\test\rtmp\debug\listener.obj
c:\users\administrator\desktop\test\rtmp\debug\eventmessageloop.obj
c:\users\administrator\desktop\test\rtmp\debug\eventloopthread.obj
c:\users\administrator\desktop\test\rtmp\debug\endpoint.obj
c:\users\administrator\desktop\test\rtmp\debug\drainablebuffer.obj
c:\users\administrator\desktop\test\rtmp\debug\defaultmessageloop.obj
c:\users\administrator\desktop\test\rtmp\debug\cond.obj
c:\users\administrator\desktop\test\rtmp\debug\tbuffer.obj
c:\users\administrator\desktop\test\rtmp\debug\rtspresponse.obj
c:\users\administrator\desktop\test\rtmp\debug\rtsprequest.obj
c:\users\administrator\desktop\test\rtmp\debug\rtspconsumer.obj
c:\users\administrator\desktop\test\rtmp\debug\rtpstream.obj
c:\users\administrator\desktop\test\rtmp\debug\rtp.obj
c:\users\administrator\desktop\test\rtmp\debug\rtmpsource.obj
c:\users\administrator\desktop\test\rtmp\debug\rtmpsession.obj
c:\users\administrator\desktop\test\rtmp\debug\rtmpdecoder.obj
c:\users\administrator\desktop\test\rtmp\debug\packet.obj
c:\users\administrator\desktop\test\rtmp\debug\mediapacket.obj
c:\users\administrator\desktop\test\rtmp\debug\flvreader.obj
c:\users\administrator\desktop\test\rtmp\debug\file.obj
c:\users\administrator\desktop\test\rtmp\debug\buffer.obj
c:\users\administrator\desktop\test\rtmp\debug\binaryreader.obj
c:\users\administrator\desktop\test\rtmp\debug\avc.obj
c:\users\administrator\desktop\test\rtmp\debug\amfwriter.obj
c:\users\administrator\desktop\test\rtmp\debug\amfreader.obj
c:\users\administrator\desktop\test\rtmp\debug\amf.obj
c:\users\administrator\desktop\test\rtmp\debug\rtmp.obj
c:\users\administrator\desktop\test\rtmp\debug\workpool.obj
c:\users\administrator\desktop\test\rtmp\debug\rtspsource.obj
c:\users\administrator\desktop\test\rtmp\debug\rtspsession.obj
c:\users\administrator\desktop\test\rtmp\debug\rtmp.pdb
c:\users\administrator\desktop\test\rtmp\debug\rtmp.tlog\cl.command.1.tlog
c:\users\administrator\desktop\test\rtmp\debug\rtmp.tlog\cl.read.1.tlog
c:\users\administrator\desktop\test\rtmp\debug\rtmp.tlog\cl.write.1.tlog
c:\users\administrator\desktop\test\rtmp\debug\rtmp.tlog\link-cvtres.read.1.tlog
c:\users\administrator\desktop\test\rtmp\debug\rtmp.tlog\link-cvtres.write.1.tlog
c:\users\administrator\desktop\test\rtmp\debug\rtmp.tlog\link-rc.read.1.tlog
c:\users\administrator\desktop\test\rtmp\debug\rtmp.tlog\link-rc.write.1.tlog
c:\users\administrator\desktop\test\rtmp\debug\rtmp.tlog\link.11416-cvtres.read.1.tlog
c:\users\administrator\desktop\test\rtmp\debug\rtmp.tlog\link.11416-cvtres.write.1.tlog
c:\users\administrator\desktop\test\rtmp\debug\rtmp.tlog\link.11416-rc.read.1.tlog
c:\users\administrator\desktop\test\rtmp\debug\rtmp.tlog\link.11416-rc.write.1.tlog
c:\users\administrator\desktop\test\rtmp\debug\rtmp.tlog\link.11416.read.1.tlog
c:\users\administrator\desktop\test\rtmp\debug\rtmp.tlog\link.11416.write.1.tlog
c:\users\administrator\desktop\test\rtmp\debug\rtmp.tlog\link.command.1.tlog
c:\users\administrator\desktop\test\rtmp\debug\rtmp.tlog\link.read.1.tlog
c:\users\administrator\desktop\test\rtmp\debug\rtmp.tlog\link.write.1.tlog
